{
  "stats": {
    "suites": 2,
    "tests": 1,
    "passes": 1,
    "pending": 0,
    "failures": 0,
    "start": "2023-05-16T08:09:11.682Z",
    "end": "2023-05-16T08:09:38.838Z",
    "duration": 27156,
    "testsRegistered": 1,
    "passPercent": 100,
    "pendingPercent": 0,
    "other": 0,
    "hasOther": false,
    "skipped": 0,
    "hasSkipped": false
  },
  "results": [
    {
      "uuid": "dbcc8cc6-6a72-4dc5-9a53-61825d5d3667",
      "title": "",
      "fullFile": "C:\\Users\\Hari\\Repositories\\LumaSeleniumTesting\\test\\shilpika.js",
      "file": "\\test\\shilpika.js",
      "beforeHooks": [],
      "afterHooks": [],
      "tests": [],
      "suites": [
        {
          "uuid": "2215dc86-4cf0-41ae-a0ff-e8610b7e1206",
          "title": "Search for a product of particular color",
          "fullFile": "C:\\Users\\Hari\\Repositories\\LumaSeleniumTesting\\test\\shilpika.js",
          "file": "\\test\\shilpika.js",
          "beforeHooks": [],
          "afterHooks": [],
          "tests": [],
          "suites": [
            {
              "uuid": "6837c412-6588-4b97-922e-b5ef2d35329d",
              "title": "Given a user is on the search page",
              "fullFile": "C:\\Users\\Hari\\Repositories\\LumaSeleniumTesting\\test\\shilpika.js",
              "file": "\\test\\shilpika.js",
              "beforeHooks": [],
              "afterHooks": [],
              "tests": [
                {
                  "title": "should show the shirt of preferred color",
                  "fullTitle": "Search for a product of particular color Given a user is on the search page should show the shirt of preferred color",
                  "timedOut": null,
                  "duration": 26858,
                  "state": "passed",
                  "speed": "slow",
                  "pass": true,
                  "fail": false,
                  "pending": false,
                  "context": null,
                  "code": "//start the webbrowser\nconst driver = await new Builder().forBrowser('firefox').build();\n//Search for a product\ntry {\n    //Move to magento site\n    await driver.get('https://magento.softwaretestingboard.com/');\n    //Get the search input\n    await driver.wait(until.elementLocated(By.css('#search')), 50000);\n    await driver.findElement(By.id('search')).sendKeys('shirt for men', Key.RETURN);\n    // Scroll down a bit\n    await driver.wait(until.elementsLocated(By.css('.item.product.product-item')), 50000);\n    await driver.executeScript('document.querySelector(\".item.product.product-item\").scrollIntoView();');\n    //Find the first product\n    await driver.wait(until.elementLocated(By.css('.item.product.product-item:first-child')), 50000);\n    const product = await driver.findElement(By.css('.item.product.product-item:first-child'));\n\n\n\n    //find the information in the product we selected\n    await driver.wait(until.elementLocated(By.css('.swatch-attribute.color')), 50000);\n    let swatchColors = await product.findElement(By.css('.swatch-attribute.color'));\n    let productColor1 = await swatchColors.findElement(By.css('div[index=\"1\"]'));\n    productColor1.click();\n    console.log(\"Choose orange color shirt\");\n\n    productColor2 = await swatchColors.findElement(By.css('div[index=\"2\"]'));\n    await driver.sleep(5000);\n    setTimeout(() => {\n        productColor2.click().then(() => {\n            console.log(\"Choose purple color shirt\");\n        });\n    }, 5000);\n\n\n    productColor3 = await swatchColors.findElement(By.css('div[index=\"0\"]'));\n    await driver.sleep(5000);\n    setTimeout(() => {\n        productColor3.click().then(() => {\n            console.log(\"Choose blue color shirt\");\n        });\n    }, 5000);\n    await driver.sleep(10000);\n    //Asserts\n    assert.equal(productColor1, 'Orange'); //Builtin Node\n    expect(productColor1).to.equal('Orange'); // Chai expect\n    productColor1.should.equal('Orange'); // Chai should\n    assert.equal(productColor2, 'Purple'); //Builtin Node\n    expect(productColor2).to.equal('Purple'); // Chai expect\n    productColor2.should.equal('Purple'); // Chai should\n    assert.equal(productColor3, 'Blue'); //Builtin Node\n    expect(productColor3).to.equal('Blue'); // Chai expect\n    productColor3.should.equal('Blue'); // Chai should\n\n\n\n} catch (Exception) {\n} finally {\n    await driver.quit();\n}",
                  "err": {},
                  "uuid": "5494a857-5ed7-441b-9adf-07d625bf27e8",
                  "parentUUID": null,
                  "isHook": false,
                  "skipped": false
                }
              ],
              "suites": [],
              "passes": [
                "5494a857-5ed7-441b-9adf-07d625bf27e8"
              ],
              "failures": [],
              "pending": [],
              "skipped": [],
              "duration": 26858,
              "root": false,
              "rootEmpty": false,
              "_timeout": null
            }
          ],
          "passes": [],
          "failures": [],
          "pending": [],
          "skipped": [],
          "duration": 0,
          "root": false,
          "rootEmpty": false,
          "_timeout": null
        }
      ],
      "passes": [],
      "failures": [],
      "pending": [],
      "skipped": [],
      "duration": 0,
      "root": true,
      "rootEmpty": true,
      "_timeout": 0
    }
  ],
  "meta": {
    "mocha": {
      "version": "10.2.0"
    },
    "mochawesome": {
      "options": {
        "quiet": false,
        "reportFilename": "mochawesome",
        "saveHtml": true,
        "saveJson": true,
        "consoleReporter": "spec",
        "useInlineDiffs": false,
        "code": true
      },
      "version": "7.1.3"
    },
    "marge": {
      "options": null,
      "version": "6.2.0"
    }
  }
}