{
  "stats": {
    "suites": 2,
    "tests": 1,
    "passes": 1,
    "pending": 0,
    "failures": 0,
    "start": "2023-05-16T08:09:56.415Z",
    "end": "2023-05-16T08:10:09.975Z",
    "duration": 13560,
    "testsRegistered": 1,
    "passPercent": 100,
    "pendingPercent": 0,
    "other": 0,
    "hasOther": false,
    "skipped": 0,
    "hasSkipped": false
  },
  "results": [
    {
      "uuid": "a56a1b57-99ff-4ba8-a2e4-66737debaa19",
      "title": "",
      "fullFile": "C:\\Sanober\\github\\LumaSeleniumTesting\\test\\EmailValidation.js",
      "file": "\\test\\EmailValidation.js",
      "beforeHooks": [],
      "afterHooks": [],
      "tests": [],
      "suites": [
        {
          "uuid": "8a45da58-4e7d-4a9c-84c6-dad2a8abff0a",
          "title": "login test",
          "fullFile": "C:\\Sanober\\github\\LumaSeleniumTesting\\test\\EmailValidation.js",
          "file": "\\test\\EmailValidation.js",
          "beforeHooks": [],
          "afterHooks": [],
          "tests": [],
          "suites": [
            {
              "uuid": "fb4bbcfd-9581-4593-b1a6-333015b4270d",
              "title": "I click on login and enter my credentials",
              "fullFile": "C:\\Sanober\\github\\LumaSeleniumTesting\\test\\EmailValidation.js",
              "file": "\\test\\EmailValidation.js",
              "beforeHooks": [],
              "afterHooks": [],
              "tests": [
                {
                  "title": "I should be logged in and see my profile",
                  "fullTitle": "login test I click on login and enter my credentials I should be logged in and see my profile",
                  "timedOut": null,
                  "duration": 12586,
                  "state": "passed",
                  "speed": "slow",
                  "pass": true,
                  "fail": false,
                  "pending": false,
                  "context": null,
                  "code": "const driver= await new Builder().forBrowser('firefox').build();\n            try{\n                await driver.get('http://magento.softWaretestingboard.com');\n                await driver.findElement(By.css('.authorization-link > a:nth-child(1)')).click();\n              \n                await driver.wait(until.elementLocated(By.id('email')),10000);\n                await driver.findElement(By.id('email')).sendKeys(user);\n                await driver.findElement(By.id('pass')).sendKeys(pass);\n                await driver.findElement(By.css('#send2')).click();\n                await driver.sleep(1000);\n                await driver.wait(until.elementLocated(By.css('.action.switch')),200000);\n                await driver.findElement(By.css('.action.switch')).click();\n                await driver.wait(until.elementLocated(By.css('a[href=\"https://magento.softwaretestingboard.com/customer/account/\"]')),10000)\n                await driver.findElement(By.css('a[href$=\"/customer/account/\"]')).click();\n            \n                await driver.wait(until.elementLocated(By.css('.box-information .box-content p')), 10000);\n                let information = await driver.findElement(By.css('.box-information .box-content p')).getText();\n                \n               // console.log(information.should.contain(user));\n             \n            }\n            catch(error){\n                it('this test should be pending');\n            }\n            finally{\n               \n                //await driver.quit();\n            }",
                  "err": {},
                  "uuid": "c9578eb8-4f36-46c7-8702-ad73d21fb8ca",
                  "parentUUID": null,
                  "isHook": false,
                  "skipped": false
                }
              ],
              "suites": [],
              "passes": [
                "c9578eb8-4f36-46c7-8702-ad73d21fb8ca"
              ],
              "failures": [],
              "pending": [],
              "skipped": [],
              "duration": 12586,
              "root": false,
              "rootEmpty": false,
              "_timeout": null
            }
          ],
          "passes": [],
          "failures": [],
          "pending": [],
          "skipped": [],
          "duration": 0,
          "root": false,
          "rootEmpty": false,
          "_timeout": null
        }
      ],
      "passes": [],
      "failures": [],
      "pending": [],
      "skipped": [],
      "duration": 0,
      "root": true,
      "rootEmpty": true,
      "_timeout": 0
    }
  ],
  "meta": {
    "mocha": {
      "version": "10.2.0"
    },
    "mochawesome": {
      "options": {
        "quiet": false,
        "reportFilename": "mochawesome",
        "saveHtml": true,
        "saveJson": true,
        "consoleReporter": "spec",
        "useInlineDiffs": false,
        "code": true
      },
      "version": "7.1.3"
    },
    "marge": {
      "options": null,
      "version": "6.2.0"
    }
  }
}